Build started 12/20/2015 9:37:02 PM.
     1>Project "C:\Users\Braxton\Documents\workspace\2015\spring\monyo\VS\monyo\monyo.vcxproj" on node 2 (Build target(s)).
     1>ClCompile:
         C:\Program Files (x86)\Microsoft Visual Studio 14.0\VC\bin\CL.exe /c /IC:\Users\Braxton\Documents\workspace\2015\spring\monyo\VS\packages\directxtk_desktop_2015.2015.7.29.1\build\native\../../build/native/include/ /I"C:\Program Files (x86)\Visual Leak Detector\include" /ZI /nologo /W3 /WX- /sdl /Od /Oy- /D HAS_DIRECTXTK /D _UNICODE /D UNICODE /Gm /EHsc /RTC1 /MDd /GS /fp:precise /Zc:wchar_t /Zc:forScope /Zc:inline /Fo"C:\Users\Braxton\Documents\workspace\2015\spring\monyo\VS\..\Temp\\" /Fd"C:\Users\Braxton\Documents\workspace\2015\spring\monyo\VS\..\Temp\vc140.pdb" /Gd /TP /analyze- /errorReport:prompt ..\..\Source\Assets\Asset.cpp ..\..\Source\Assets\AssetManager.cpp ..\..\Source\Assets\Material.cpp ..\..\Source\Assets\Model.cpp ..\..\Source\Assets\Script.cpp ..\..\Source\Assets\Shader.cpp ..\..\Source\Assets\Texture.cpp ..\..\Source\Components\CameraComponent.cpp ..\..\Source\Components\Component.cpp ..\..\Source\Components\LightComponent.cpp ..\..\Source\Components\ModelComponent.cpp ..\..\Source\Components\ScriptComponent.cpp ..\..\Source\Core\App.cpp ..\..\Source\Core\Game.cpp ..\..\Source\Events\Event.cpp ..\..\Source\Events\EventManager.cpp ..\..\Source\Game\Entity.cpp ..\..\Source\Game\Scene.cpp ..\..\Source\Game\Timer.cpp ..\..\Source\Game\World.cpp ..\..\Source\Graphics\dxerr.cpp ..\..\Source\Graphics\GraphicsManager.cpp ..\..\Source\Graphics\Renderer.cpp ..\..\Source\Graphics\RenderStep.cpp ..\..\Source\Input\InputManager.cpp ..\..\Source\Util\File.cpp ..\..\Source\Util\Logger.cpp ..\..\Source\Util\SmartBucket.cpp
         SmartBucket.cpp
         Logger.cpp
         File.cpp
         InputManager.cpp
         RenderStep.cpp
         Renderer.cpp
         GraphicsManager.cpp
         dxerr.cpp
         World.cpp
         Timer.cpp
         Scene.cpp
         Entity.cpp
         EventManager.cpp
         Event.cpp
         Game.cpp
         App.cpp
         ScriptComponent.cpp
         ModelComponent.cpp
         LightComponent.cpp
         Component.cpp
         Generating Code...
         Compiling...
         CameraComponent.cpp
         Texture.cpp
         Shader.cpp
         Script.cpp
         Model.cpp
         Material.cpp
         AssetManager.cpp
         Asset.cpp
         Generating Code...
       Link:
         C:\Program Files (x86)\Microsoft Visual Studio 14.0\VC\bin\link.exe /ERRORREPORT:PROMPT /OUT:"C:\Users\Braxton\Documents\workspace\2015\spring\monyo\VS\..\Build\monyo_Win32.exe" /INCREMENTAL /NOLOGO /LIBPATH:"C:\Program Files (x86)\Visual Leak Detector\lib\Win32" C:\Users\Braxton\Documents\workspace\2015\spring\monyo\VS\packages\directxtk_desktop_2015.2015.7.29.1\build\native\../../build/native/lib/Win32/Debug/DirectXTKAudioDX.lib C:\Users\Braxton\Documents\workspace\2015\spring\monyo\VS\packages\directxtk_desktop_2015.2015.7.29.1\build\native\../../build/native/lib/Win32/Debug/DirectXTK.lib d3d11.lib d3dcompiler.lib kernel32.lib user32.lib gdi32.lib winspool.lib comdlg32.lib advapi32.lib shell32.lib ole32.lib oleaut32.lib uuid.lib odbc32.lib odbccp32.lib /MANIFEST /MANIFESTUAC:"level='asInvoker' uiAccess='false'" /manifest:embed /Debug /PDB:"C:\Users\Braxton\Documents\workspace\2015\spring\monyo\VS\..\Build\monyo_Win32.pdb" /TLBID:1 /DYNAMICBASE /NXCOMPAT /IMPLIB:"C:\Users\Braxton\Documents\workspace\2015\spring\monyo\VS\..\Build\monyo_Win32.lib" /MACHINE:X86 C:\Users\Braxton\Documents\workspace\2015\spring\monyo\VS\..\Temp\Asset.obj
         C:\Users\Braxton\Documents\workspace\2015\spring\monyo\VS\..\Temp\AssetManager.obj
         C:\Users\Braxton\Documents\workspace\2015\spring\monyo\VS\..\Temp\Material.obj
         C:\Users\Braxton\Documents\workspace\2015\spring\monyo\VS\..\Temp\Model.obj
         C:\Users\Braxton\Documents\workspace\2015\spring\monyo\VS\..\Temp\Script.obj
         C:\Users\Braxton\Documents\workspace\2015\spring\monyo\VS\..\Temp\Shader.obj
         C:\Users\Braxton\Documents\workspace\2015\spring\monyo\VS\..\Temp\Texture.obj
         C:\Users\Braxton\Documents\workspace\2015\spring\monyo\VS\..\Temp\CameraComponent.obj
         C:\Users\Braxton\Documents\workspace\2015\spring\monyo\VS\..\Temp\Component.obj
         C:\Users\Braxton\Documents\workspace\2015\spring\monyo\VS\..\Temp\LightComponent.obj
         C:\Users\Braxton\Documents\workspace\2015\spring\monyo\VS\..\Temp\ModelComponent.obj
         C:\Users\Braxton\Documents\workspace\2015\spring\monyo\VS\..\Temp\ScriptComponent.obj
         C:\Users\Braxton\Documents\workspace\2015\spring\monyo\VS\..\Temp\App.obj
         C:\Users\Braxton\Documents\workspace\2015\spring\monyo\VS\..\Temp\Game.obj
         C:\Users\Braxton\Documents\workspace\2015\spring\monyo\VS\..\Temp\Event.obj
         C:\Users\Braxton\Documents\workspace\2015\spring\monyo\VS\..\Temp\EventManager.obj
         C:\Users\Braxton\Documents\workspace\2015\spring\monyo\VS\..\Temp\Entity.obj
         C:\Users\Braxton\Documents\workspace\2015\spring\monyo\VS\..\Temp\Scene.obj
         C:\Users\Braxton\Documents\workspace\2015\spring\monyo\VS\..\Temp\Timer.obj
         C:\Users\Braxton\Documents\workspace\2015\spring\monyo\VS\..\Temp\World.obj
         C:\Users\Braxton\Documents\workspace\2015\spring\monyo\VS\..\Temp\dxerr.obj
         C:\Users\Braxton\Documents\workspace\2015\spring\monyo\VS\..\Temp\GraphicsManager.obj
         C:\Users\Braxton\Documents\workspace\2015\spring\monyo\VS\..\Temp\Renderer.obj
         C:\Users\Braxton\Documents\workspace\2015\spring\monyo\VS\..\Temp\RenderStep.obj
         C:\Users\Braxton\Documents\workspace\2015\spring\monyo\VS\..\Temp\InputManager.obj
         C:\Users\Braxton\Documents\workspace\2015\spring\monyo\VS\..\Temp\File.obj
         C:\Users\Braxton\Documents\workspace\2015\spring\monyo\VS\..\Temp\Logger.obj
         C:\Users\Braxton\Documents\workspace\2015\spring\monyo\VS\..\Temp\SmartBucket.obj
     1>LINK : fatal error LNK1561: entry point must be defined
     1>Done Building Project "C:\Users\Braxton\Documents\workspace\2015\spring\monyo\VS\monyo\monyo.vcxproj" (Build target(s)) -- FAILED.

Build FAILED.

Time Elapsed 00:00:03.41
