c:\users\braxton\documents\workspace\2015\spring\monyo\temp\vc140.pdb
c:\users\braxton\documents\workspace\2015\spring\monyo\temp\vc140.idb
c:\users\braxton\documents\workspace\2015\spring\monyo\temp\examplegame.obj
c:\users\braxton\documents\workspace\2015\spring\monyo\temp\dxerr.obj
c:\users\braxton\documents\workspace\2015\spring\monyo\temp\directxgamecore.obj
c:\users\braxton\documents\workspace\2015\spring\monyo\temp\simpleshader.obj
c:\users\braxton\documents\workspace\2015\spring\monyo\build\pixelshader.cso
c:\users\braxton\documents\workspace\2015\spring\monyo\build\vertexshader.cso
c:\users\braxton\documents\workspace\2015\spring\monyo\build\monyo.ilk
c:\users\braxton\documents\workspace\2015\spring\monyo\build\monyo.exe
c:\users\braxton\documents\workspace\2015\spring\monyo\build\monyo.pdb
c:\users\braxton\documents\workspace\2015\spring\monyo\source\..\build\monyo.pdb
c:\users\braxton\documents\workspace\2015\spring\monyo\source\..\build\monyo.exe
c:\users\braxton\documents\workspace\2015\spring\monyo\source\..\build\monyo.ilk
c:\users\braxton\documents\workspace\2015\spring\monyo\temp\monyo.tlog\cl.command.1.tlog
c:\users\braxton\documents\workspace\2015\spring\monyo\temp\monyo.tlog\cl.read.1.tlog
c:\users\braxton\documents\workspace\2015\spring\monyo\temp\monyo.tlog\cl.write.1.tlog
c:\users\braxton\documents\workspace\2015\spring\monyo\temp\monyo.tlog\fxc.command.1.tlog
c:\users\braxton\documents\workspace\2015\spring\monyo\temp\monyo.tlog\fxc.read.1.tlog
c:\users\braxton\documents\workspace\2015\spring\monyo\temp\monyo.tlog\fxc.write.1.tlog
c:\users\braxton\documents\workspace\2015\spring\monyo\temp\monyo.tlog\link.command.1.tlog
c:\users\braxton\documents\workspace\2015\spring\monyo\temp\monyo.tlog\link.read.1.tlog
c:\users\braxton\documents\workspace\2015\spring\monyo\temp\monyo.tlog\link.write.1.tlog
c:\users\braxton\documents\workspace\2015\spring\monyo\temp\monyo.tlog\monyo.write.1u.tlog
